  Textures_3_1.cpp
c:\users\1601271\desktop\数学サンプル\ch03_textures\ソースファイル\win10\textures_3_1.cpp(432): error C2065: 'D3DX11_IMAGE_LOAD_INFO': 定義されていない識別子です。
c:\users\1601271\desktop\数学サンプル\ch03_textures\ソースファイル\win10\textures_3_1.cpp(432): error C2146: 構文エラー: ';' が、識別子 'liLoadInfo' の前に必要です。
c:\users\1601271\desktop\数学サンプル\ch03_textures\ソースファイル\win10\textures_3_1.cpp(432): error C2065: 'liLoadInfo': 定義されていない識別子です。
c:\users\1601271\desktop\数学サンプル\ch03_textures\ソースファイル\win10\textures_3_1.cpp(435): error C2065: 'liLoadInfo': 定義されていない識別子です。
c:\users\1601271\desktop\数学サンプル\ch03_textures\ソースファイル\win10\textures_3_1.cpp(435): error C2065: 'D3DX11_IMAGE_LOAD_INFO': 定義されていない識別子です。
c:\users\1601271\desktop\数学サンプル\ch03_textures\ソースファイル\win10\textures_3_1.cpp(436): error C2065: 'liLoadInfo': 定義されていない識別子です。
c:\users\1601271\desktop\数学サンプル\ch03_textures\ソースファイル\win10\textures_3_1.cpp(436): error C2228: '.Width' の左側はクラス、構造体、共用体でなければなりません
  c:\users\1601271\desktop\数学サンプル\ch03_textures\ソースファイル\win10\textures_3_1.cpp(436): note: 型は 'unknown-type' です。
c:\users\1601271\desktop\数学サンプル\ch03_textures\ソースファイル\win10\textures_3_1.cpp(437): error C2065: 'liLoadInfo': 定義されていない識別子です。
c:\users\1601271\desktop\数学サンプル\ch03_textures\ソースファイル\win10\textures_3_1.cpp(437): error C2228: '.Height' の左側はクラス、構造体、共用体でなければなりません
  c:\users\1601271\desktop\数学サンプル\ch03_textures\ソースファイル\win10\textures_3_1.cpp(437): note: 型は 'unknown-type' です。
c:\users\1601271\desktop\数学サンプル\ch03_textures\ソースファイル\win10\textures_3_1.cpp(438): error C2065: 'liLoadInfo': 定義されていない識別子です。
c:\users\1601271\desktop\数学サンプル\ch03_textures\ソースファイル\win10\textures_3_1.cpp(438): error C2228: '.BindFlags' の左側はクラス、構造体、共用体でなければなりません
  c:\users\1601271\desktop\数学サンプル\ch03_textures\ソースファイル\win10\textures_3_1.cpp(438): note: 型は 'unknown-type' です。
c:\users\1601271\desktop\数学サンプル\ch03_textures\ソースファイル\win10\textures_3_1.cpp(439): error C2065: 'liLoadInfo': 定義されていない識別子です。
c:\users\1601271\desktop\数学サンプル\ch03_textures\ソースファイル\win10\textures_3_1.cpp(439): error C2228: '.Format' の左側はクラス、構造体、共用体でなければなりません
  c:\users\1601271\desktop\数学サンプル\ch03_textures\ソースファイル\win10\textures_3_1.cpp(439): note: 型は 'unknown-type' です。
c:\users\1601271\desktop\数学サンプル\ch03_textures\ソースファイル\win10\textures_3_1.cpp(441): error C2065: 'liLoadInfo': 定義されていない識別子です。
c:\users\1601271\desktop\数学サンプル\ch03_textures\ソースファイル\win10\textures_3_1.cpp(441): error C3861: 'D3DX11CreateShaderResourceViewFromFile': 識別子が見つかりませんでした
