2017/04/19 15:04:35 にビルドを開始しました。
     1>ノード 2 上のプロジェクト "\\132sv\gakuseigamero\rkawano\数学\数学サンプル\数学サンプル\CH01_Render\ソースファイル\プロジェクト\Math\Math.vcxproj" (Build ターゲット)。
     1>ClCompile:
         C:\Program Files (x86)\Microsoft Visual Studio 14.0\VC\bin\CL.exe /c /I"C:\Program Files (x86)\Microsoft DirectX SDK (June 2010)\Include" /ZI /nologo /W3 /WX- /Od /Oy- /D WIN32 /D _DEBUG /D _WINDOWS /D _UNICODE /D UNICODE /Gm /EHsc /RTC1 /MDd /GS /fp:precise /Zc:wchar_t /Zc:forScope /Zc:inline /Fo"Debug\\" /Fd"Debug\vc140.pdb" /Gd /TP /analyze- /errorReport:prompt ..\..\Render_2_1.cpp
         Render_2_1.cpp
     1>\\132sv\gakuseigamero\rkawano\数学\数学サンプル\数学サンプル\ch01_render\ソースファイル\render_2_1.cpp(33): warning C4244: '=': 'int' から 'float' への変換です。データが失われる可能性があります。
     1>\\132sv\gakuseigamero\rkawano\数学\数学サンプル\数学サンプル\ch01_render\ソースファイル\render_2_1.cpp(34): warning C4244: '=': 'int' から 'float' への変換です。データが失われる可能性があります。
     1>c:\program files (x86)\microsoft directx sdk (june 2010)\include\dxgitype.h(12): warning C4005: 'DXGI_STATUS_OCCLUDED': マクロが再定義されました。
         c:\program files (x86)\windows kits\8.1\include\shared\winerror.h(50092): note: 'DXGI_STATUS_OCCLUDED' の以前の定義を確認してください
     1>c:\program files (x86)\microsoft directx sdk (june 2010)\include\dxgitype.h(13): warning C4005: 'DXGI_STATUS_CLIPPED': マクロが再定義されました。
         c:\program files (x86)\windows kits\8.1\include\shared\winerror.h(50101): note: 'DXGI_STATUS_CLIPPED' の以前の定義を確認してください
     1>c:\program files (x86)\microsoft directx sdk (june 2010)\include\dxgitype.h(14): warning C4005: 'DXGI_STATUS_NO_REDIRECTION': マクロが再定義されました。
         c:\program files (x86)\windows kits\8.1\include\shared\winerror.h(50110): note: 'DXGI_STATUS_NO_REDIRECTION' の以前の定義を確認してください
     1>c:\program files (x86)\microsoft directx sdk (june 2010)\include\dxgitype.h(15): warning C4005: 'DXGI_STATUS_NO_DESKTOP_ACCESS': マクロが再定義されました。
         c:\program files (x86)\windows kits\8.1\include\shared\winerror.h(50119): note: 'DXGI_STATUS_NO_DESKTOP_ACCESS' の以前の定義を確認してください
     1>c:\program files (x86)\microsoft directx sdk (june 2010)\include\dxgitype.h(16): warning C4005: 'DXGI_STATUS_GRAPHICS_VIDPN_SOURCE_IN_USE': マクロが再定義されました。
         c:\program files (x86)\windows kits\8.1\include\shared\winerror.h(50128): note: 'DXGI_STATUS_GRAPHICS_VIDPN_SOURCE_IN_USE' の以前の定義を確認してください
     1>c:\program files (x86)\microsoft directx sdk (june 2010)\include\dxgitype.h(17): warning C4005: 'DXGI_STATUS_MODE_CHANGED': マクロが再定義されました。
         c:\program files (x86)\windows kits\8.1\include\shared\winerror.h(50137): note: 'DXGI_STATUS_MODE_CHANGED' の以前の定義を確認してください
     1>c:\program files (x86)\microsoft directx sdk (june 2010)\include\dxgitype.h(18): warning C4005: 'DXGI_STATUS_MODE_CHANGE_IN_PROGRESS': マクロが再定義されました。
         c:\program files (x86)\windows kits\8.1\include\shared\winerror.h(50146): note: 'DXGI_STATUS_MODE_CHANGE_IN_PROGRESS' の以前の定義を確認してください
     1>c:\program files (x86)\microsoft directx sdk (june 2010)\include\dxgitype.h(21): warning C4005: 'DXGI_ERROR_INVALID_CALL': マクロが再定義されました。
         c:\program files (x86)\windows kits\8.1\include\shared\winerror.h(50161): note: 'DXGI_ERROR_INVALID_CALL' の以前の定義を確認してください
     1>c:\program files (x86)\microsoft directx sdk (june 2010)\include\dxgitype.h(22): warning C4005: 'DXGI_ERROR_NOT_FOUND': マクロが再定義されました。
         c:\program files (x86)\windows kits\8.1\include\shared\winerror.h(50170): note: 'DXGI_ERROR_NOT_FOUND' の以前の定義を確認してください
     1>c:\program files (x86)\microsoft directx sdk (june 2010)\include\dxgitype.h(23): warning C4005: 'DXGI_ERROR_MORE_DATA': マクロが再定義されました。
         c:\program files (x86)\windows kits\8.1\include\shared\winerror.h(50179): note: 'DXGI_ERROR_MORE_DATA' の以前の定義を確認してください
     1>c:\program files (x86)\microsoft directx sdk (june 2010)\include\dxgitype.h(24): warning C4005: 'DXGI_ERROR_UNSUPPORTED': マクロが再定義されました。
         c:\program files (x86)\windows kits\8.1\include\shared\winerror.h(50188): note: 'DXGI_ERROR_UNSUPPORTED' の以前の定義を確認してください
     1>c:\program files (x86)\microsoft directx sdk (june 2010)\include\dxgitype.h(25): warning C4005: 'DXGI_ERROR_DEVICE_REMOVED': マクロが再定義されました。
         c:\program files (x86)\windows kits\8.1\include\shared\winerror.h(50197): note: 'DXGI_ERROR_DEVICE_REMOVED' の以前の定義を確認してください
     1>c:\program files (x86)\microsoft directx sdk (june 2010)\include\dxgitype.h(26): warning C4005: 'DXGI_ERROR_DEVICE_HUNG': マクロが再定義されました。
         c:\program files (x86)\windows kits\8.1\include\shared\winerror.h(50206): note: 'DXGI_ERROR_DEVICE_HUNG' の以前の定義を確認してください
     1>c:\program files (x86)\microsoft directx sdk (june 2010)\include\dxgitype.h(27): warning C4005: 'DXGI_ERROR_DEVICE_RESET': マクロが再定義されました。
         c:\program files (x86)\windows kits\8.1\include\shared\winerror.h(50216): note: 'DXGI_ERROR_DEVICE_RESET' の以前の定義を確認してください
     1>c:\program files (x86)\microsoft directx sdk (june 2010)\include\dxgitype.h(28): warning C4005: 'DXGI_ERROR_WAS_STILL_DRAWING': マクロが再定義されました。
         c:\program files (x86)\windows kits\8.1\include\shared\winerror.h(50225): note: 'DXGI_ERROR_WAS_STILL_DRAWING' の以前の定義を確認してください
     1>c:\program files (x86)\microsoft directx sdk (june 2010)\include\dxgitype.h(29): warning C4005: 'DXGI_ERROR_FRAME_STATISTICS_DISJOINT': マクロが再定義されました。
         c:\program files (x86)\windows kits\8.1\include\shared\winerror.h(50235): note: 'DXGI_ERROR_FRAME_STATISTICS_DISJOINT' の以前の定義を確認してください
     1>c:\program files (x86)\microsoft directx sdk (june 2010)\include\dxgitype.h(30): warning C4005: 'DXGI_ERROR_GRAPHICS_VIDPN_SOURCE_IN_USE': マクロが再定義されました。
         c:\program files (x86)\windows kits\8.1\include\shared\winerror.h(50244): note: 'DXGI_ERROR_GRAPHICS_VIDPN_SOURCE_IN_USE' の以前の定義を確認してください
     1>c:\program files (x86)\microsoft directx sdk (june 2010)\include\dxgitype.h(31): warning C4005: 'DXGI_ERROR_DRIVER_INTERNAL_ERROR': マクロが再定義されました。
         c:\program files (x86)\windows kits\8.1\include\shared\winerror.h(50254): note: 'DXGI_ERROR_DRIVER_INTERNAL_ERROR' の以前の定義を確認してください
     1>c:\program files (x86)\microsoft directx sdk (june 2010)\include\dxgitype.h(32): warning C4005: 'DXGI_ERROR_NONEXCLUSIVE': マクロが再定義されました。
         c:\program files (x86)\windows kits\8.1\include\shared\winerror.h(50263): note: 'DXGI_ERROR_NONEXCLUSIVE' の以前の定義を確認してください
     1>c:\program files (x86)\microsoft directx sdk (june 2010)\include\dxgitype.h(33): warning C4005: 'DXGI_ERROR_NOT_CURRENTLY_AVAILABLE': マクロが再定義されました。
         c:\program files (x86)\windows kits\8.1\include\shared\winerror.h(50272): note: 'DXGI_ERROR_NOT_CURRENTLY_AVAILABLE' の以前の定義を確認してください
     1>c:\program files (x86)\microsoft directx sdk (june 2010)\include\dxgitype.h(34): warning C4005: 'DXGI_ERROR_REMOTE_CLIENT_DISCONNECTED': マクロが再定義されました。
         c:\program files (x86)\windows kits\8.1\include\shared\winerror.h(50282): note: 'DXGI_ERROR_REMOTE_CLIENT_DISCONNECTED' の以前の定義を確認してください
     1>c:\program files (x86)\microsoft directx sdk (june 2010)\include\dxgitype.h(35): warning C4005: 'DXGI_ERROR_REMOTE_OUTOFMEMORY': マクロが再定義されました。
         c:\program files (x86)\windows kits\8.1\include\shared\winerror.h(50291): note: 'DXGI_ERROR_REMOTE_OUTOFMEMORY' の以前の定義を確認してください
     1>c:\program files (x86)\microsoft directx sdk (june 2010)\include\d3d11.h(917): warning C4005: 'D3D11_ERROR_TOO_MANY_UNIQUE_STATE_OBJECTS': マクロが再定義されました。
         c:\program files (x86)\windows kits\8.1\include\shared\winerror.h(50469): note: 'D3D11_ERROR_TOO_MANY_UNIQUE_STATE_OBJECTS' の以前の定義を確認してください
     1>c:\program files (x86)\microsoft directx sdk (june 2010)\include\d3d11.h(918): warning C4005: 'D3D11_ERROR_FILE_NOT_FOUND': マクロが再定義されました。
         c:\program files (x86)\windows kits\8.1\include\shared\winerror.h(50478): note: 'D3D11_ERROR_FILE_NOT_FOUND' の以前の定義を確認してください
     1>c:\program files (x86)\microsoft directx sdk (june 2010)\include\d3d11.h(919): warning C4005: 'D3D11_ERROR_TOO_MANY_UNIQUE_VIEW_OBJECTS': マクロが再定義されました。
         c:\program files (x86)\windows kits\8.1\include\shared\winerror.h(50488): note: 'D3D11_ERROR_TOO_MANY_UNIQUE_VIEW_OBJECTS' の以前の定義を確認してください
     1>c:\program files (x86)\microsoft directx sdk (june 2010)\include\d3d11.h(920): warning C4005: 'D3D11_ERROR_DEFERRED_CONTEXT_MAP_WITHOUT_INITIAL_DISCARD': マクロが再定義されました。
         c:\program files (x86)\windows kits\8.1\include\shared\winerror.h(50497): note: 'D3D11_ERROR_DEFERRED_CONTEXT_MAP_WITHOUT_INITIAL_DISCARD' の以前の定義を確認してください
     1>c:\program files (x86)\microsoft directx sdk (june 2010)\include\d3d10.h(608): warning C4005: 'D3D10_ERROR_TOO_MANY_UNIQUE_STATE_OBJECTS': マクロが再定義されました。
         c:\program files (x86)\windows kits\8.1\include\shared\winerror.h(50445): note: 'D3D10_ERROR_TOO_MANY_UNIQUE_STATE_OBJECTS' の以前の定義を確認してください
     1>c:\program files (x86)\microsoft directx sdk (june 2010)\include\d3d10.h(609): warning C4005: 'D3D10_ERROR_FILE_NOT_FOUND': マクロが再定義されました。
         c:\program files (x86)\windows kits\8.1\include\shared\winerror.h(50454): note: 'D3D10_ERROR_FILE_NOT_FOUND' の以前の定義を確認してください
     1>c:\program files (x86)\microsoft directx sdk (june 2010)\include\xnamath.h(2662): warning C4838: 'unsigned int' から 'INT' への変換には縮小変換が必要です
     1>c:\program files (x86)\microsoft directx sdk (june 2010)\include\xnamath.h(2663): warning C4838: 'unsigned int' から 'INT' への変換には縮小変換が必要です
     1>c:\program files (x86)\microsoft directx sdk (june 2010)\include\xnamath.h(2664): warning C4838: 'unsigned int' から 'INT' への変換には縮小変換が必要です
     1>c:\program files (x86)\microsoft directx sdk (june 2010)\include\xnamath.h(2665): warning C4838: 'unsigned int' から 'INT' への変換には縮小変換が必要です
     1>c:\program files (x86)\microsoft directx sdk (june 2010)\include\xnamath.h(2666): warning C4838: 'unsigned int' から 'INT' への変換には縮小変換が必要です
     1>c:\program files (x86)\microsoft directx sdk (june 2010)\include\xnamath.h(2667): warning C4838: 'unsigned int' から 'INT' への変換には縮小変換が必要です
     1>c:\program files (x86)\microsoft directx sdk (june 2010)\include\xnamath.h(2668): warning C4838: 'unsigned int' から 'INT' への変換には縮小変換が必要です
     1>c:\program files (x86)\microsoft directx sdk (june 2010)\include\xnamath.h(2689): warning C4838: 'unsigned int' から 'INT' への変換には縮小変換が必要です
     1>c:\program files (x86)\microsoft directx sdk (june 2010)\include\xnamath.h(2690): warning C4838: 'unsigned int' から 'INT' への変換には縮小変換が必要です
     1>c:\program files (x86)\microsoft directx sdk (june 2010)\include\xnamath.h(2691): warning C4838: 'unsigned int' から 'INT' への変換には縮小変換が必要です
     1>c:\program files (x86)\microsoft directx sdk (june 2010)\include\xnamath.h(2694): warning C4838: 'unsigned int' から 'INT' への変換には縮小変換が必要です
     1>c:\program files (x86)\microsoft directx sdk (june 2010)\include\xnamath.h(2695): warning C4838: 'unsigned int' から 'INT' への変換には縮小変換が必要です
     1>c:\program files (x86)\microsoft directx sdk (june 2010)\include\xnamath.h(2698): warning C4838: 'unsigned int' から 'INT' への変換には縮小変換が必要です
     1>c:\program files (x86)\microsoft directx sdk (june 2010)\include\xnamath.h(2702): warning C4838: 'unsigned int' から 'INT' への変換には縮小変換が必要です
     1>c:\program files (x86)\microsoft directx sdk (june 2010)\include\xnamath.h(2712): warning C4838: 'unsigned int' から 'INT' への変換には縮小変換が必要です
     1>c:\program files (x86)\microsoft directx sdk (june 2010)\include\xnamath.h(2713): warning C4838: 'unsigned int' から 'INT' への変換には縮小変換が必要です
     1>c:\program files (x86)\microsoft directx sdk (june 2010)\include\xnamath.h(2715): warning C4838: 'unsigned int' から 'INT' への変換には縮小変換が必要です
     1>c:\program files (x86)\microsoft directx sdk (june 2010)\include\xnamath.h(2716): warning C4838: 'unsigned int' から 'INT' への変換には縮小変換が必要です
     1>c:\program files (x86)\microsoft directx sdk (june 2010)\include\xnamath.h(2717): warning C4838: 'unsigned int' から 'INT' への変換には縮小変換が必要です
     1>c:\program files (x86)\microsoft directx sdk (june 2010)\include\xnamath.h(2727): warning C4838: 'unsigned int' から 'INT' への変換には縮小変換が必要です
     1>c:\program files (x86)\microsoft directx sdk (june 2010)\include\xnamath.h(2728): warning C4838: 'unsigned int' から 'INT' への変換には縮小変換が必要です
     1>c:\program files (x86)\microsoft directx sdk (june 2010)\include\xnamath.h(2729): warning C4838: 'unsigned int' から 'INT' への変換には縮小変換が必要です
     1>c:\program files (x86)\microsoft directx sdk (june 2010)\include\xnamath.h(2730): warning C4838: 'unsigned int' から 'INT' への変換には縮小変換が必要です
     1>c:\program files (x86)\microsoft directx sdk (june 2010)\include\xnamath.h(2731): warning C4838: 'unsigned int' から 'INT' への変換には縮小変換が必要です
     1>c:\program files (x86)\microsoft directx sdk (june 2010)\include\xnamath.h(2732): warning C4838: 'unsigned int' から 'INT' への変換には縮小変換が必要です
     1>c:\program files (x86)\microsoft directx sdk (june 2010)\include\xnamath.h(2742): warning C4838: 'unsigned int' から 'INT' への変換には縮小変換が必要です
     1>c:\program files (x86)\microsoft directx sdk (june 2010)\include\xnamath.h(2743): warning C4838: 'unsigned int' から 'INT' への変換には縮小変換が必要です
     1>c:\program files (x86)\microsoft directx sdk (june 2010)\include\xnamath.h(2754): warning C4838: 'unsigned int' から 'INT' への変換には縮小変換が必要です
     1>c:\program files (x86)\microsoft directx sdk (june 2010)\include\xnamathconvert.inl(2254): warning C4838: 'unsigned int' から 'INT' への変換には縮小変換が必要です
     1>c:\program files (x86)\microsoft directx sdk (june 2010)\include\xnamathconvert.inl(4523): warning C4838: 'unsigned int' から 'INT' への変換には縮小変換が必要です
     1>c:\program files (x86)\microsoft directx sdk (june 2010)\include\xnamathconvert.inl(4577): warning C4838: 'unsigned int' から 'INT' への変換には縮小変換が必要です
     1>c:\program files (x86)\microsoft directx sdk (june 2010)\include\xnamathconvert.inl(4639): warning C4838: 'unsigned int' から 'INT' への変換には縮小変換が必要です
     1>c:\program files (x86)\microsoft directx sdk (june 2010)\include\xnamathconvert.inl(4707): warning C4838: 'unsigned int' から 'INT' への変換には縮小変換が必要です
     1>c:\program files (x86)\microsoft directx sdk (june 2010)\include\xnamathconvert.inl(4770): warning C4838: 'unsigned int' から 'INT' への変換には縮小変換が必要です
     1>c:\program files (x86)\microsoft directx sdk (june 2010)\include\xnamathconvert.inl(4832): warning C4838: 'unsigned int' から 'INT' への変換には縮小変換が必要です
     1>c:\program files (x86)\microsoft directx sdk (june 2010)\include\xnamathvector.inl(1269): warning C4838: 'unsigned int' から 'INT' への変換には縮小変換が必要です
     1>c:\program files (x86)\microsoft directx sdk (june 2010)\include\xnamathmisc.inl(518): warning C4838: 'unsigned int' から 'INT' への変換には縮小変換が必要です
     1>c:\program files (x86)\microsoft directx sdk (june 2010)\include\xnamathmisc.inl(519): warning C4838: 'unsigned int' から 'INT' への変換には縮小変換が必要です
       Link:
         C:\Program Files (x86)\Microsoft Visual Studio 14.0\VC\bin\link.exe /ERRORREPORT:PROMPT /OUT:"\\132sv\gakuseigamero\rkawano\数学\数学サンプル\数学サンプル\CH01_Render\ソースファイル\プロジェクト\Debug\Math.exe" /INCREMENTAL /NOLOGO /LIBPATH:"C:\Program Files (x86)\Microsoft DirectX SDK (June 2010)\Lib\x86" kernel32.lib user32.lib gdi32.lib winspool.lib comdlg32.lib advapi32.lib shell32.lib ole32.lib oleaut32.lib uuid.lib odbc32.lib odbccp32.lib /MANIFEST /MANIFESTUAC:"level='asInvoker' uiAccess='false'" /manifest:embed /Debug /PDB:"\\132sv\gakuseigamero\rkawano\数学\数学サンプル\数学サンプル\CH01_Render\ソースファイル\プロジェクト\Debug\Math.pdb" /SUBSYSTEM:WINDOWS /TLBID:1 /DYNAMICBASE /NXCOMPAT /IMPLIB:"\\132sv\gakuseigamero\rkawano\数学\数学サンプル\数学サンプル\CH01_Render\ソースファイル\プロジェクト\Debug\Math.lib" /MACHINE:X86 Debug\Render_2_1.obj
         Math.vcxproj -> \\132sv\gakuseigamero\rkawano\数学\数学サンプル\数学サンプル\CH01_Render\ソースファイル\プロジェクト\Debug\Math.exe
     1>プロジェクト "\\132sv\gakuseigamero\rkawano\数学\数学サンプル\数学サンプル\CH01_Render\ソースファイル\プロジェクト\Math\Math.vcxproj" (Build ターゲット) のビルドが完了しました。

ビルドに成功しました。

経過時間 00:00:17.75
